<?xml version="1.0" encoding="UTF-8"?>
<TestRun id="31555d6d-4a29-4e06-942e-9488ca789ba4" name="Ho Wai Yung@HOWAIYUNG-PC 2012-11-02 15:29:23" runUser="HoWaiYung-PC\Ho Wai Yung" xmlns="http://microsoft.com/schemas/VisualStudio/TeamTest/2010">
  <TestSettings name="Local" id="19f1e08e-e37f-44cb-a353-ec143923a7f4">
    <Description>These are default test settings for a local test run.</Description>
    <Execution>
      <TestTypeSpecific>
        <UnitTestRunConfig testTypeId="13cdc9d9-ddb5-4fa4-a97d-d965ccfc6d4b">
          <AssemblyResolution>
            <TestDirectory useLoadContext="true" />
          </AssemblyResolution>
        </UnitTestRunConfig>
      </TestTypeSpecific>
      <AgentRule name="LocalMachineDefaultRole">
      </AgentRule>
    </Execution>
    <Deployment runDeploymentRoot="Ho Wai Yung_HOWAIYUNG-PC 2012-11-02 15_29_23" />
  </TestSettings>
  <Times creation="2012-11-02T15:29:23.4304819-06:00" queuing="2012-11-02T15:29:24.2585292-06:00" start="2012-11-02T15:29:24.2635295-06:00" finish="2012-11-02T15:29:24.4345393-06:00" />
  <ResultSummary outcome="Failed">
    <Counters total="1" executed="1" error="0" failed="1" timeout="0" aborted="0" inconclusive="0" passedButRunAborted="0" notRunnable="0" notExecuted="0" disconnected="0" warning="0" passed="0" completed="0" inProgress="0" pending="0" />
  </ResultSummary>
  <TestDefinitions>
    <UnitTest name="FindNoKeywordAuthor" storage="f:\dropbox\map\map\bin\debug\map.dll" id="a629a122-196f-9169-0a2e-782ce464b595">
      <Execution id="ddaee3c2-55be-455e-bb24-9bc27e6fcd60" />
      <TestMethod codeBase="F:/Dropbox/Map/Map/bin/Debug/Map.DLL" adapterTypeName="Microsoft.VisualStudio.TestTools.TestTypes.Unit.UnitTestAdapter, Microsoft.VisualStudio.QualityTools.Tips.UnitTest.Adapter, Version=10.0.0.0, Culture=neutral, PublicKeyToken=b03f5f7f11d50a3a" className="Map.FindKeywordByAuthorTests, Map, Version=1.0.0.0, Culture=neutral, PublicKeyToken=null" name="FindNoKeywordAuthor" />
    </UnitTest>
  </TestDefinitions>
  <TestLists>
    <TestList name="Results Not in a List" id="8c84fa94-04c1-424b-9868-57a2d4851a1d" />
    <TestList name="All Loaded Results" id="19431567-8539-422a-85d7-44ee4e166bda" />
  </TestLists>
  <TestEntries>
    <TestEntry testId="a629a122-196f-9169-0a2e-782ce464b595" executionId="ddaee3c2-55be-455e-bb24-9bc27e6fcd60" testListId="8c84fa94-04c1-424b-9868-57a2d4851a1d" />
  </TestEntries>
  <Results>
    <UnitTestResult executionId="ddaee3c2-55be-455e-bb24-9bc27e6fcd60" testId="a629a122-196f-9169-0a2e-782ce464b595" testName="FindNoKeywordAuthor" computerName="HOWAIYUNG-PC" duration="00:00:00.0213635" startTime="2012-11-02T15:29:24.2665297-06:00" endTime="2012-11-02T15:29:24.4235387-06:00" testType="13cdc9d9-ddb5-4fa4-a97d-d965ccfc6d4b" outcome="Failed" testListId="8c84fa94-04c1-424b-9868-57a2d4851a1d" relativeResultsDirectory="ddaee3c2-55be-455e-bb24-9bc27e6fcd60">
      <Output>
        <ErrorInfo>
          <Message>Test method Map.FindKeywordByAuthorTests.FindNoKeywordAuthor threw exception System.NullReferenceException, but exception System.ArgumentException was expected. Exception message: System.NullReferenceException: Object reference not set to an instance of an object.</Message>
          <StackTrace>    at Map.Author..ctor(String existingAuthor) in F:\Dropbox\Map\Map\Author.cs:line 15
   at Map.FindKeywordByAuthorTests.FindNoKeywordAuthor() in F:\Dropbox\Map\Map\FindKeywordByAuthorTests.cs:line 117
</StackTrace>
        </ErrorInfo>
      </Output>
    </UnitTestResult>
  </Results>
</TestRun>