<?xml version="1.0" encoding="UTF-8"?>
<TestRun id="b30f05c4-2d09-4562-be8e-6548e86031dd" name="Ho Wai Yung@HOWAIYUNG-PC 2012-11-02 15:28:46" runUser="HoWaiYung-PC\Ho Wai Yung" xmlns="http://microsoft.com/schemas/VisualStudio/TeamTest/2010">
  <TestSettings name="Local" id="19f1e08e-e37f-44cb-a353-ec143923a7f4">
    <Description>These are default test settings for a local test run.</Description>
    <Execution>
      <TestTypeSpecific>
        <UnitTestRunConfig testTypeId="13cdc9d9-ddb5-4fa4-a97d-d965ccfc6d4b">
          <AssemblyResolution>
            <TestDirectory useLoadContext="true" />
          </AssemblyResolution>
        </UnitTestRunConfig>
      </TestTypeSpecific>
      <AgentRule name="LocalMachineDefaultRole">
      </AgentRule>
    </Execution>
    <Deployment runDeploymentRoot="Ho Wai Yung_HOWAIYUNG-PC 2012-11-02 15_28_46" />
  </TestSettings>
  <Times creation="2012-11-02T15:28:46.0043412-06:00" queuing="2012-11-02T15:28:46.9193936-06:00" start="2012-11-02T15:28:46.9233938-06:00" finish="2012-11-02T15:28:47.1594073-06:00" />
  <ResultSummary outcome="Completed">
    <Counters total="1" executed="1" passed="1" error="0" failed="0" timeout="0" aborted="0" inconclusive="0" passedButRunAborted="0" notRunnable="0" notExecuted="0" disconnected="0" warning="0" completed="0" inProgress="0" pending="0" />
  </ResultSummary>
  <TestDefinitions>
    <UnitTest name="SpaceAuthor" storage="f:\dropbox\map\map\bin\debug\map.dll" id="7b94a73f-3b57-c3f4-7f9b-558acb4a87b2">
      <Execution id="a29990e3-513f-43c9-86bf-4a502a7c0fd7" />
      <TestMethod codeBase="F:/Dropbox/Map/Map/bin/Debug/Map.DLL" adapterTypeName="Microsoft.VisualStudio.TestTools.TestTypes.Unit.UnitTestAdapter, Microsoft.VisualStudio.QualityTools.Tips.UnitTest.Adapter, Version=10.0.0.0, Culture=neutral, PublicKeyToken=b03f5f7f11d50a3a" className="Map.FindKeywordByAuthorTests, Map, Version=1.0.0.0, Culture=neutral, PublicKeyToken=null" name="SpaceAuthor" />
    </UnitTest>
  </TestDefinitions>
  <TestLists>
    <TestList name="Results Not in a List" id="8c84fa94-04c1-424b-9868-57a2d4851a1d" />
    <TestList name="All Loaded Results" id="19431567-8539-422a-85d7-44ee4e166bda" />
  </TestLists>
  <TestEntries>
    <TestEntry testId="7b94a73f-3b57-c3f4-7f9b-558acb4a87b2" executionId="a29990e3-513f-43c9-86bf-4a502a7c0fd7" testListId="8c84fa94-04c1-424b-9868-57a2d4851a1d" />
  </TestEntries>
  <Results>
    <UnitTestResult executionId="a29990e3-513f-43c9-86bf-4a502a7c0fd7" testId="7b94a73f-3b57-c3f4-7f9b-558acb4a87b2" testName="SpaceAuthor" computerName="HOWAIYUNG-PC" duration="00:00:00.0126132" startTime="2012-11-02T15:28:46.9253939-06:00" endTime="2012-11-02T15:28:47.1474066-06:00" testType="13cdc9d9-ddb5-4fa4-a97d-d965ccfc6d4b" outcome="Passed" testListId="8c84fa94-04c1-424b-9868-57a2d4851a1d" relativeResultsDirectory="a29990e3-513f-43c9-86bf-4a502a7c0fd7">
    </UnitTestResult>
  </Results>
</TestRun>