<?xml version="1.0" encoding="UTF-8"?>
<TestRun id="47431b09-5c20-4968-978a-d814218ee3b7" name="Ho Wai Yung@HOWAIYUNG-PC 2012-11-02 15:24:03" runUser="HoWaiYung-PC\Ho Wai Yung" xmlns="http://microsoft.com/schemas/VisualStudio/TeamTest/2010">
  <TestSettings name="Local" id="19f1e08e-e37f-44cb-a353-ec143923a7f4">
    <Description>These are default test settings for a local test run.</Description>
    <Execution>
      <TestTypeSpecific>
        <UnitTestRunConfig testTypeId="13cdc9d9-ddb5-4fa4-a97d-d965ccfc6d4b">
          <AssemblyResolution>
            <TestDirectory useLoadContext="true" />
          </AssemblyResolution>
        </UnitTestRunConfig>
      </TestTypeSpecific>
      <AgentRule name="LocalMachineDefaultRole">
      </AgentRule>
    </Execution>
    <Deployment runDeploymentRoot="Ho Wai Yung_HOWAIYUNG-PC 2012-11-02 15_24_03" />
  </TestSettings>
  <Times creation="2012-11-02T15:24:03.3701755-06:00" queuing="2012-11-02T15:24:04.8782617-06:00" start="2012-11-02T15:24:04.8822620-06:00" finish="2012-11-02T15:24:05.0642724-06:00" />
  <ResultSummary outcome="Completed">
    <Counters total="1" executed="1" passed="1" error="0" failed="0" timeout="0" aborted="0" inconclusive="0" passedButRunAborted="0" notRunnable="0" notExecuted="0" disconnected="0" warning="0" completed="0" inProgress="0" pending="0" />
  </ResultSummary>
  <TestDefinitions>
    <UnitTest name="FindNonExistingAuthor" storage="f:\dropbox\map\map\bin\debug\map.dll" id="748dc392-9274-c2c3-1136-a6594e65bcfb">
      <Execution id="8a3318e8-7a02-4b5e-b83b-56d46fc8a20b" />
      <TestMethod codeBase="F:/Dropbox/Map/Map/bin/Debug/Map.DLL" adapterTypeName="Microsoft.VisualStudio.TestTools.TestTypes.Unit.UnitTestAdapter, Microsoft.VisualStudio.QualityTools.Tips.UnitTest.Adapter, Version=10.0.0.0, Culture=neutral, PublicKeyToken=b03f5f7f11d50a3a" className="Map.FindKeywordByAuthorTests, Map, Version=1.0.0.0, Culture=neutral, PublicKeyToken=null" name="FindNonExistingAuthor" />
    </UnitTest>
  </TestDefinitions>
  <TestLists>
    <TestList name="Results Not in a List" id="8c84fa94-04c1-424b-9868-57a2d4851a1d" />
    <TestList name="All Loaded Results" id="19431567-8539-422a-85d7-44ee4e166bda" />
  </TestLists>
  <TestEntries>
    <TestEntry testId="748dc392-9274-c2c3-1136-a6594e65bcfb" executionId="8a3318e8-7a02-4b5e-b83b-56d46fc8a20b" testListId="8c84fa94-04c1-424b-9868-57a2d4851a1d" />
  </TestEntries>
  <Results>
    <UnitTestResult executionId="8a3318e8-7a02-4b5e-b83b-56d46fc8a20b" testId="748dc392-9274-c2c3-1136-a6594e65bcfb" testName="FindNonExistingAuthor" computerName="HOWAIYUNG-PC" duration="00:00:00.0108778" startTime="2012-11-02T15:24:04.8842621-06:00" endTime="2012-11-02T15:24:05.0552719-06:00" testType="13cdc9d9-ddb5-4fa4-a97d-d965ccfc6d4b" outcome="Passed" testListId="8c84fa94-04c1-424b-9868-57a2d4851a1d" relativeResultsDirectory="8a3318e8-7a02-4b5e-b83b-56d46fc8a20b">
    </UnitTestResult>
  </Results>
</TestRun>