<?xml version="1.0" encoding="UTF-8"?>
<TestRun id="664943b9-5c37-435e-8d99-7142a1bae0a9" name="Ho Wai Yung@HOWAIYUNG-PC 2012-11-02 15:29:12" runUser="HoWaiYung-PC\Ho Wai Yung" xmlns="http://microsoft.com/schemas/VisualStudio/TeamTest/2010">
  <TestSettings name="Local" id="19f1e08e-e37f-44cb-a353-ec143923a7f4">
    <Description>These are default test settings for a local test run.</Description>
    <Execution>
      <TestTypeSpecific>
        <UnitTestRunConfig testTypeId="13cdc9d9-ddb5-4fa4-a97d-d965ccfc6d4b">
          <AssemblyResolution>
            <TestDirectory useLoadContext="true" />
          </AssemblyResolution>
        </UnitTestRunConfig>
      </TestTypeSpecific>
      <AgentRule name="LocalMachineDefaultRole">
      </AgentRule>
    </Execution>
    <Deployment runDeploymentRoot="Ho Wai Yung_HOWAIYUNG-PC 2012-11-02 15_29_12" />
  </TestSettings>
  <Times creation="2012-11-02T15:29:12.6878674-06:00" queuing="2012-11-02T15:29:13.7669292-06:00" start="2012-11-02T15:29:13.7719295-06:00" finish="2012-11-02T15:29:13.9819415-06:00" />
  <ResultSummary outcome="Completed">
    <Counters total="1" executed="1" passed="1" error="0" failed="0" timeout="0" aborted="0" inconclusive="0" passedButRunAborted="0" notRunnable="0" notExecuted="0" disconnected="0" warning="0" completed="0" inProgress="0" pending="0" />
  </ResultSummary>
  <TestDefinitions>
    <UnitTest name="UnicodeAuthor" storage="f:\dropbox\map\map\bin\debug\map.dll" id="de8c182f-b223-ca86-caf8-d808945a3a91">
      <Execution id="7502962b-8fb6-4dd7-8b8c-8493e4c2f0c0" />
      <TestMethod codeBase="F:/Dropbox/Map/Map/bin/Debug/Map.DLL" adapterTypeName="Microsoft.VisualStudio.TestTools.TestTypes.Unit.UnitTestAdapter, Microsoft.VisualStudio.QualityTools.Tips.UnitTest.Adapter, Version=10.0.0.0, Culture=neutral, PublicKeyToken=b03f5f7f11d50a3a" className="Map.FindKeywordByAuthorTests, Map, Version=1.0.0.0, Culture=neutral, PublicKeyToken=null" name="UnicodeAuthor" />
    </UnitTest>
  </TestDefinitions>
  <TestLists>
    <TestList name="Results Not in a List" id="8c84fa94-04c1-424b-9868-57a2d4851a1d" />
    <TestList name="All Loaded Results" id="19431567-8539-422a-85d7-44ee4e166bda" />
  </TestLists>
  <TestEntries>
    <TestEntry testId="de8c182f-b223-ca86-caf8-d808945a3a91" executionId="7502962b-8fb6-4dd7-8b8c-8493e4c2f0c0" testListId="8c84fa94-04c1-424b-9868-57a2d4851a1d" />
  </TestEntries>
  <Results>
    <UnitTestResult executionId="7502962b-8fb6-4dd7-8b8c-8493e4c2f0c0" testId="de8c182f-b223-ca86-caf8-d808945a3a91" testName="UnicodeAuthor" computerName="HOWAIYUNG-PC" duration="00:00:00.0107739" startTime="2012-11-02T15:29:13.7739296-06:00" endTime="2012-11-02T15:29:13.9689407-06:00" testType="13cdc9d9-ddb5-4fa4-a97d-d965ccfc6d4b" outcome="Passed" testListId="8c84fa94-04c1-424b-9868-57a2d4851a1d" relativeResultsDirectory="7502962b-8fb6-4dd7-8b8c-8493e4c2f0c0">
    </UnitTestResult>
  </Results>
</TestRun>