<?xml version="1.0" encoding="UTF-8"?>
<TestRun id="0e1d91eb-0385-4bfb-88a0-02971e822a0c" name="Ho Wai Yung@HOWAIYUNG-PC 2012-11-02 15:33:20" runUser="HoWaiYung-PC\Ho Wai Yung" xmlns="http://microsoft.com/schemas/VisualStudio/TeamTest/2010">
  <TestSettings name="Local" id="19f1e08e-e37f-44cb-a353-ec143923a7f4">
    <Description>These are default test settings for a local test run.</Description>
    <Execution>
      <TestTypeSpecific>
        <UnitTestRunConfig testTypeId="13cdc9d9-ddb5-4fa4-a97d-d965ccfc6d4b">
          <AssemblyResolution>
            <TestDirectory useLoadContext="true" />
          </AssemblyResolution>
        </UnitTestRunConfig>
      </TestTypeSpecific>
      <AgentRule name="LocalMachineDefaultRole">
      </AgentRule>
    </Execution>
    <Deployment runDeploymentRoot="Ho Wai Yung_HOWAIYUNG-PC 2012-11-02 15_33_20" />
  </TestSettings>
  <Times creation="2012-11-02T15:33:20.0990186-06:00" queuing="2012-11-02T15:33:20.8610621-06:00" start="2012-11-02T15:33:20.8660624-06:00" finish="2012-11-02T15:33:21.4720971-06:00" />
  <ResultSummary outcome="Failed">
    <Counters total="11" executed="11" passed="7" error="0" failed="4" timeout="0" aborted="0" inconclusive="0" passedButRunAborted="0" notRunnable="0" notExecuted="0" disconnected="0" warning="0" completed="0" inProgress="0" pending="0" />
  </ResultSummary>
  <TestDefinitions>
    <UnitTest name="FindPartialNumericalAuthor" storage="f:\dropbox\map\map\bin\debug\map.dll" id="7f1db94b-22b0-30cf-3893-fa8638658470">
      <Execution id="e03828b6-1b58-4aeb-887a-e5f78720253c" />
      <TestMethod codeBase="F:/Dropbox/Map/Map/bin/Debug/Map.DLL" adapterTypeName="Microsoft.VisualStudio.TestTools.TestTypes.Unit.UnitTestAdapter, Microsoft.VisualStudio.QualityTools.Tips.UnitTest.Adapter, Version=10.0.0.0, Culture=neutral, PublicKeyToken=b03f5f7f11d50a3a" className="Map.FindKeywordByAuthorTests, Map, Version=1.0.0.0, Culture=neutral, PublicKeyToken=null" name="FindPartialNumericalAuthor" />
    </UnitTest>
    <UnitTest name="FindNormalAuthor" storage="f:\dropbox\map\map\bin\debug\map.dll" id="c61b5fbd-1990-718e-6b92-82f56b46c76a">
      <Execution id="50ba68f8-611c-491d-b808-ed231cadecc9" />
      <TestMethod codeBase="F:/Dropbox/Map/Map/bin/Debug/Map.DLL" adapterTypeName="Microsoft.VisualStudio.TestTools.TestTypes.Unit.UnitTestAdapter, Microsoft.VisualStudio.QualityTools.Tips.UnitTest.Adapter, Version=10.0.0.0, Culture=neutral, PublicKeyToken=b03f5f7f11d50a3a" className="Map.FindKeywordByAuthorTests, Map, Version=1.0.0.0, Culture=neutral, PublicKeyToken=null" name="FindNormalAuthor" />
    </UnitTest>
    <UnitTest name="FindPartialUnicodeAuthor" storage="f:\dropbox\map\map\bin\debug\map.dll" id="401fd3f5-883b-6806-028c-ee2f9d46a707">
      <Execution id="b75bca7a-ade3-4158-9825-81978b5a929c" />
      <TestMethod codeBase="F:/Dropbox/Map/Map/bin/Debug/Map.DLL" adapterTypeName="Microsoft.VisualStudio.TestTools.TestTypes.Unit.UnitTestAdapter, Microsoft.VisualStudio.QualityTools.Tips.UnitTest.Adapter, Version=10.0.0.0, Culture=neutral, PublicKeyToken=b03f5f7f11d50a3a" className="Map.FindKeywordByAuthorTests, Map, Version=1.0.0.0, Culture=neutral, PublicKeyToken=null" name="FindPartialUnicodeAuthor" />
    </UnitTest>
    <UnitTest name="SpaceAuthor" storage="f:\dropbox\map\map\bin\debug\map.dll" id="7b94a73f-3b57-c3f4-7f9b-558acb4a87b2">
      <Execution id="07ffc4ff-e3aa-4a5e-adaa-6567d58f5244" />
      <TestMethod codeBase="F:/Dropbox/Map/Map/bin/Debug/Map.DLL" adapterTypeName="Microsoft.VisualStudio.TestTools.TestTypes.Unit.UnitTestAdapter, Microsoft.VisualStudio.QualityTools.Tips.UnitTest.Adapter, Version=10.0.0.0, Culture=neutral, PublicKeyToken=b03f5f7f11d50a3a" className="Map.FindKeywordByAuthorTests, Map, Version=1.0.0.0, Culture=neutral, PublicKeyToken=null" name="SpaceAuthor" />
    </UnitTest>
    <UnitTest name="FindAllNumericalAuthor" storage="f:\dropbox\map\map\bin\debug\map.dll" id="9c148ebc-5ce5-69f8-94c2-a363b6b499cf">
      <Execution id="8612ec30-a267-4cf0-ac08-3f1b75bb0098" />
      <TestMethod codeBase="F:/Dropbox/Map/Map/bin/Debug/Map.DLL" adapterTypeName="Microsoft.VisualStudio.TestTools.TestTypes.Unit.UnitTestAdapter, Microsoft.VisualStudio.QualityTools.Tips.UnitTest.Adapter, Version=10.0.0.0, Culture=neutral, PublicKeyToken=b03f5f7f11d50a3a" className="Map.FindKeywordByAuthorTests, Map, Version=1.0.0.0, Culture=neutral, PublicKeyToken=null" name="FindAllNumericalAuthor" />
    </UnitTest>
    <UnitTest name="NullAuthor" storage="f:\dropbox\map\map\bin\debug\map.dll" id="7b3bd826-2935-d997-c1b7-02ca9a4a707a">
      <Execution id="d9733ebc-133c-40ab-a8d3-d4a92e7c2f48" />
      <TestMethod codeBase="F:/Dropbox/Map/Map/bin/Debug/Map.DLL" adapterTypeName="Microsoft.VisualStudio.TestTools.TestTypes.Unit.UnitTestAdapter, Microsoft.VisualStudio.QualityTools.Tips.UnitTest.Adapter, Version=10.0.0.0, Culture=neutral, PublicKeyToken=b03f5f7f11d50a3a" className="Map.FindKeywordByAuthorTests, Map, Version=1.0.0.0, Culture=neutral, PublicKeyToken=null" name="NullAuthor" />
    </UnitTest>
    <UnitTest name="FindNonExistingAuthor" storage="f:\dropbox\map\map\bin\debug\map.dll" id="748dc392-9274-c2c3-1136-a6594e65bcfb">
      <Execution id="f104f53f-fe1f-4005-af64-aac6ae3284d2" />
      <TestMethod codeBase="F:/Dropbox/Map/Map/bin/Debug/Map.DLL" adapterTypeName="Microsoft.VisualStudio.TestTools.TestTypes.Unit.UnitTestAdapter, Microsoft.VisualStudio.QualityTools.Tips.UnitTest.Adapter, Version=10.0.0.0, Culture=neutral, PublicKeyToken=b03f5f7f11d50a3a" className="Map.FindKeywordByAuthorTests, Map, Version=1.0.0.0, Culture=neutral, PublicKeyToken=null" name="FindNonExistingAuthor" />
    </UnitTest>
    <UnitTest name="TabAuthor" storage="f:\dropbox\map\map\bin\debug\map.dll" id="ebe59462-0919-d773-41c7-20b1f87e0c62">
      <Execution id="4c934611-dfe7-47ee-86bf-4b175c03acd4" />
      <TestMethod codeBase="F:/Dropbox/Map/Map/bin/Debug/Map.DLL" adapterTypeName="Microsoft.VisualStudio.TestTools.TestTypes.Unit.UnitTestAdapter, Microsoft.VisualStudio.QualityTools.Tips.UnitTest.Adapter, Version=10.0.0.0, Culture=neutral, PublicKeyToken=b03f5f7f11d50a3a" className="Map.FindKeywordByAuthorTests, Map, Version=1.0.0.0, Culture=neutral, PublicKeyToken=null" name="TabAuthor" />
    </UnitTest>
    <UnitTest name="FindNoKeywordAuthor" storage="f:\dropbox\map\map\bin\debug\map.dll" id="a629a122-196f-9169-0a2e-782ce464b595">
      <Execution id="7c8abf96-ead9-436d-a889-307d9a487c8c" />
      <TestMethod codeBase="F:/Dropbox/Map/Map/bin/Debug/Map.DLL" adapterTypeName="Microsoft.VisualStudio.TestTools.TestTypes.Unit.UnitTestAdapter, Microsoft.VisualStudio.QualityTools.Tips.UnitTest.Adapter, Version=10.0.0.0, Culture=neutral, PublicKeyToken=b03f5f7f11d50a3a" className="Map.FindKeywordByAuthorTests, Map, Version=1.0.0.0, Culture=neutral, PublicKeyToken=null" name="FindNoKeywordAuthor" />
    </UnitTest>
    <UnitTest name="emptyAuthor" storage="f:\dropbox\map\map\bin\debug\map.dll" id="47c87be3-6997-cb09-ee47-e5831347fc33">
      <Execution id="2f9e5323-a999-4fbe-94ec-f365b82b1023" />
      <TestMethod codeBase="F:/Dropbox/Map/Map/bin/Debug/Map.DLL" adapterTypeName="Microsoft.VisualStudio.TestTools.TestTypes.Unit.UnitTestAdapter, Microsoft.VisualStudio.QualityTools.Tips.UnitTest.Adapter, Version=10.0.0.0, Culture=neutral, PublicKeyToken=b03f5f7f11d50a3a" className="Map.FindKeywordByAuthorTests, Map, Version=1.0.0.0, Culture=neutral, PublicKeyToken=null" name="emptyAuthor" />
    </UnitTest>
    <UnitTest name="UnicodeAuthor" storage="f:\dropbox\map\map\bin\debug\map.dll" id="de8c182f-b223-ca86-caf8-d808945a3a91">
      <Execution id="be4428da-88b7-4138-a753-6cbd69703142" />
      <TestMethod codeBase="F:/Dropbox/Map/Map/bin/Debug/Map.DLL" adapterTypeName="Microsoft.VisualStudio.TestTools.TestTypes.Unit.UnitTestAdapter, Microsoft.VisualStudio.QualityTools.Tips.UnitTest.Adapter, Version=10.0.0.0, Culture=neutral, PublicKeyToken=b03f5f7f11d50a3a" className="Map.FindKeywordByAuthorTests, Map, Version=1.0.0.0, Culture=neutral, PublicKeyToken=null" name="UnicodeAuthor" />
    </UnitTest>
  </TestDefinitions>
  <TestLists>
    <TestList name="Results Not in a List" id="8c84fa94-04c1-424b-9868-57a2d4851a1d" />
    <TestList name="All Loaded Results" id="19431567-8539-422a-85d7-44ee4e166bda" />
  </TestLists>
  <TestEntries>
    <TestEntry testId="401fd3f5-883b-6806-028c-ee2f9d46a707" executionId="b75bca7a-ade3-4158-9825-81978b5a929c" testListId="8c84fa94-04c1-424b-9868-57a2d4851a1d" />
    <TestEntry testId="47c87be3-6997-cb09-ee47-e5831347fc33" executionId="2f9e5323-a999-4fbe-94ec-f365b82b1023" testListId="8c84fa94-04c1-424b-9868-57a2d4851a1d" />
    <TestEntry testId="748dc392-9274-c2c3-1136-a6594e65bcfb" executionId="f104f53f-fe1f-4005-af64-aac6ae3284d2" testListId="8c84fa94-04c1-424b-9868-57a2d4851a1d" />
    <TestEntry testId="7b3bd826-2935-d997-c1b7-02ca9a4a707a" executionId="d9733ebc-133c-40ab-a8d3-d4a92e7c2f48" testListId="8c84fa94-04c1-424b-9868-57a2d4851a1d" />
    <TestEntry testId="7b94a73f-3b57-c3f4-7f9b-558acb4a87b2" executionId="07ffc4ff-e3aa-4a5e-adaa-6567d58f5244" testListId="8c84fa94-04c1-424b-9868-57a2d4851a1d" />
    <TestEntry testId="7f1db94b-22b0-30cf-3893-fa8638658470" executionId="e03828b6-1b58-4aeb-887a-e5f78720253c" testListId="8c84fa94-04c1-424b-9868-57a2d4851a1d" />
    <TestEntry testId="9c148ebc-5ce5-69f8-94c2-a363b6b499cf" executionId="8612ec30-a267-4cf0-ac08-3f1b75bb0098" testListId="8c84fa94-04c1-424b-9868-57a2d4851a1d" />
    <TestEntry testId="a629a122-196f-9169-0a2e-782ce464b595" executionId="7c8abf96-ead9-436d-a889-307d9a487c8c" testListId="8c84fa94-04c1-424b-9868-57a2d4851a1d" />
    <TestEntry testId="c61b5fbd-1990-718e-6b92-82f56b46c76a" executionId="50ba68f8-611c-491d-b808-ed231cadecc9" testListId="8c84fa94-04c1-424b-9868-57a2d4851a1d" />
    <TestEntry testId="de8c182f-b223-ca86-caf8-d808945a3a91" executionId="be4428da-88b7-4138-a753-6cbd69703142" testListId="8c84fa94-04c1-424b-9868-57a2d4851a1d" />
    <TestEntry testId="ebe59462-0919-d773-41c7-20b1f87e0c62" executionId="4c934611-dfe7-47ee-86bf-4b175c03acd4" testListId="8c84fa94-04c1-424b-9868-57a2d4851a1d" />
  </TestEntries>
  <Results>
    <UnitTestResult executionId="b75bca7a-ade3-4158-9825-81978b5a929c" testId="401fd3f5-883b-6806-028c-ee2f9d46a707" testName="FindPartialUnicodeAuthor" computerName="HOWAIYUNG-PC" duration="00:00:00.0209556" startTime="2012-11-02T15:33:20.8690626-06:00" endTime="2012-11-02T15:33:21.4080934-06:00" testType="13cdc9d9-ddb5-4fa4-a97d-d965ccfc6d4b" outcome="Failed" testListId="8c84fa94-04c1-424b-9868-57a2d4851a1d" relativeResultsDirectory="b75bca7a-ade3-4158-9825-81978b5a929c">
      <Output>
        <ErrorInfo>
          <Message>Test method Map.FindKeywordByAuthorTests.FindPartialUnicodeAuthor threw exception: 
System.NullReferenceException: Object reference not set to an instance of an object.</Message>
          <StackTrace>    at Map.Author..ctor(String existingAuthor) in F:\Dropbox\Map\Map\Author.cs:line 15
   at Map.FindKeywordByAuthorTests.FindPartialUnicodeAuthor() in F:\Dropbox\Map\Map\FindKeywordByAuthorTests.cs:line 87
</StackTrace>
        </ErrorInfo>
      </Output>
    </UnitTestResult>
    <UnitTestResult executionId="2f9e5323-a999-4fbe-94ec-f365b82b1023" testId="47c87be3-6997-cb09-ee47-e5831347fc33" testName="emptyAuthor" computerName="HOWAIYUNG-PC" duration="00:00:00.0004337" startTime="2012-11-02T15:33:21.4100935-06:00" endTime="2012-11-02T15:33:21.4130937-06:00" testType="13cdc9d9-ddb5-4fa4-a97d-d965ccfc6d4b" outcome="Passed" testListId="8c84fa94-04c1-424b-9868-57a2d4851a1d" relativeResultsDirectory="2f9e5323-a999-4fbe-94ec-f365b82b1023">
    </UnitTestResult>
    <UnitTestResult executionId="f104f53f-fe1f-4005-af64-aac6ae3284d2" testId="748dc392-9274-c2c3-1136-a6594e65bcfb" testName="FindNonExistingAuthor" computerName="HOWAIYUNG-PC" duration="00:00:00.0006720" startTime="2012-11-02T15:33:21.4150938-06:00" endTime="2012-11-02T15:33:21.4190941-06:00" testType="13cdc9d9-ddb5-4fa4-a97d-d965ccfc6d4b" outcome="Passed" testListId="8c84fa94-04c1-424b-9868-57a2d4851a1d" relativeResultsDirectory="f104f53f-fe1f-4005-af64-aac6ae3284d2">
    </UnitTestResult>
    <UnitTestResult executionId="d9733ebc-133c-40ab-a8d3-d4a92e7c2f48" testId="7b3bd826-2935-d997-c1b7-02ca9a4a707a" testName="NullAuthor" computerName="HOWAIYUNG-PC" duration="00:00:00.0004011" startTime="2012-11-02T15:33:21.4210942-06:00" endTime="2012-11-02T15:33:21.4240943-06:00" testType="13cdc9d9-ddb5-4fa4-a97d-d965ccfc6d4b" outcome="Passed" testListId="8c84fa94-04c1-424b-9868-57a2d4851a1d" relativeResultsDirectory="d9733ebc-133c-40ab-a8d3-d4a92e7c2f48">
    </UnitTestResult>
    <UnitTestResult executionId="07ffc4ff-e3aa-4a5e-adaa-6567d58f5244" testId="7b94a73f-3b57-c3f4-7f9b-558acb4a87b2" testName="SpaceAuthor" computerName="HOWAIYUNG-PC" duration="00:00:00.0003873" startTime="2012-11-02T15:33:21.4250944-06:00" endTime="2012-11-02T15:33:21.4290946-06:00" testType="13cdc9d9-ddb5-4fa4-a97d-d965ccfc6d4b" outcome="Passed" testListId="8c84fa94-04c1-424b-9868-57a2d4851a1d" relativeResultsDirectory="07ffc4ff-e3aa-4a5e-adaa-6567d58f5244">
    </UnitTestResult>
    <UnitTestResult executionId="e03828b6-1b58-4aeb-887a-e5f78720253c" testId="7f1db94b-22b0-30cf-3893-fa8638658470" testName="FindPartialNumericalAuthor" computerName="HOWAIYUNG-PC" duration="00:00:00.0013676" startTime="2012-11-02T15:33:21.4310947-06:00" endTime="2012-11-02T15:33:21.4350950-06:00" testType="13cdc9d9-ddb5-4fa4-a97d-d965ccfc6d4b" outcome="Failed" testListId="8c84fa94-04c1-424b-9868-57a2d4851a1d" relativeResultsDirectory="e03828b6-1b58-4aeb-887a-e5f78720253c">
      <Output>
        <ErrorInfo>
          <Message>Test method Map.FindKeywordByAuthorTests.FindPartialNumericalAuthor threw exception: 
System.NullReferenceException: Object reference not set to an instance of an object.</Message>
          <StackTrace>    at Map.Author..ctor(String existingAuthor) in F:\Dropbox\Map\Map\Author.cs:line 15
   at Map.FindKeywordByAuthorTests.FindPartialNumericalAuthor() in F:\Dropbox\Map\Map\FindKeywordByAuthorTests.cs:line 43
</StackTrace>
        </ErrorInfo>
      </Output>
    </UnitTestResult>
    <UnitTestResult executionId="8612ec30-a267-4cf0-ac08-3f1b75bb0098" testId="9c148ebc-5ce5-69f8-94c2-a363b6b499cf" testName="FindAllNumericalAuthor" computerName="HOWAIYUNG-PC" duration="00:00:00.0013636" startTime="2012-11-02T15:33:21.4360950-06:00" endTime="2012-11-02T15:33:21.4410953-06:00" testType="13cdc9d9-ddb5-4fa4-a97d-d965ccfc6d4b" outcome="Failed" testListId="8c84fa94-04c1-424b-9868-57a2d4851a1d" relativeResultsDirectory="8612ec30-a267-4cf0-ac08-3f1b75bb0098">
      <Output>
        <ErrorInfo>
          <Message>Test method Map.FindKeywordByAuthorTests.FindAllNumericalAuthor threw exception: 
System.NullReferenceException: Object reference not set to an instance of an object.</Message>
          <StackTrace>    at Map.Author..ctor(String existingAuthor) in F:\Dropbox\Map\Map\Author.cs:line 15
   at Map.FindKeywordByAuthorTests.FindAllNumericalAuthor() in F:\Dropbox\Map\Map\FindKeywordByAuthorTests.cs:line 64
</StackTrace>
        </ErrorInfo>
      </Output>
    </UnitTestResult>
    <UnitTestResult executionId="7c8abf96-ead9-436d-a889-307d9a487c8c" testId="a629a122-196f-9169-0a2e-782ce464b595" testName="FindNoKeywordAuthor" computerName="HOWAIYUNG-PC" duration="00:00:00.0006046" startTime="2012-11-02T15:33:21.4420954-06:00" endTime="2012-11-02T15:33:21.4460956-06:00" testType="13cdc9d9-ddb5-4fa4-a97d-d965ccfc6d4b" outcome="Passed" testListId="8c84fa94-04c1-424b-9868-57a2d4851a1d" relativeResultsDirectory="7c8abf96-ead9-436d-a889-307d9a487c8c">
    </UnitTestResult>
    <UnitTestResult executionId="50ba68f8-611c-491d-b808-ed231cadecc9" testId="c61b5fbd-1990-718e-6b92-82f56b46c76a" testName="FindNormalAuthor" computerName="HOWAIYUNG-PC" duration="00:00:00.0013484" startTime="2012-11-02T15:33:21.4470957-06:00" endTime="2012-11-02T15:33:21.4510959-06:00" testType="13cdc9d9-ddb5-4fa4-a97d-d965ccfc6d4b" outcome="Failed" testListId="8c84fa94-04c1-424b-9868-57a2d4851a1d" relativeResultsDirectory="50ba68f8-611c-491d-b808-ed231cadecc9">
      <Output>
        <ErrorInfo>
          <Message>Test method Map.FindKeywordByAuthorTests.FindNormalAuthor threw exception: 
System.NullReferenceException: Object reference not set to an instance of an object.</Message>
          <StackTrace>    at Map.Author..ctor(String existingAuthor) in F:\Dropbox\Map\Map\Author.cs:line 15
   at Map.FindKeywordByAuthorTests.FindNormalAuthor() in F:\Dropbox\Map\Map\FindKeywordByAuthorTests.cs:line 18
</StackTrace>
        </ErrorInfo>
      </Output>
    </UnitTestResult>
    <UnitTestResult executionId="be4428da-88b7-4138-a753-6cbd69703142" testId="de8c182f-b223-ca86-caf8-d808945a3a91" testName="UnicodeAuthor" computerName="HOWAIYUNG-PC" duration="00:00:00.0004185" startTime="2012-11-02T15:33:21.4530960-06:00" endTime="2012-11-02T15:33:21.4570962-06:00" testType="13cdc9d9-ddb5-4fa4-a97d-d965ccfc6d4b" outcome="Passed" testListId="8c84fa94-04c1-424b-9868-57a2d4851a1d" relativeResultsDirectory="be4428da-88b7-4138-a753-6cbd69703142">
    </UnitTestResult>
    <UnitTestResult executionId="4c934611-dfe7-47ee-86bf-4b175c03acd4" testId="ebe59462-0919-d773-41c7-20b1f87e0c62" testName="TabAuthor" computerName="HOWAIYUNG-PC" duration="00:00:00.0004069" startTime="2012-11-02T15:33:21.4580963-06:00" endTime="2012-11-02T15:33:21.4620965-06:00" testType="13cdc9d9-ddb5-4fa4-a97d-d965ccfc6d4b" outcome="Passed" testListId="8c84fa94-04c1-424b-9868-57a2d4851a1d" relativeResultsDirectory="4c934611-dfe7-47ee-86bf-4b175c03acd4">
    </UnitTestResult>
  </Results>
</TestRun>