<?xml version="1.0" encoding="UTF-8"?>
<TestRun id="1aa38f38-b342-4ee7-8214-762af83a673f" name="Ho Wai Yung@HOWAIYUNG-PC 2012-11-02 15:35:34" runUser="HoWaiYung-PC\Ho Wai Yung" xmlns="http://microsoft.com/schemas/VisualStudio/TeamTest/2010">
  <TestSettings name="Local" id="19f1e08e-e37f-44cb-a353-ec143923a7f4">
    <Description>These are default test settings for a local test run.</Description>
    <Execution>
      <TestTypeSpecific>
        <UnitTestRunConfig testTypeId="13cdc9d9-ddb5-4fa4-a97d-d965ccfc6d4b">
          <AssemblyResolution>
            <TestDirectory useLoadContext="true" />
          </AssemblyResolution>
        </UnitTestRunConfig>
      </TestTypeSpecific>
      <AgentRule name="LocalMachineDefaultRole">
      </AgentRule>
    </Execution>
    <Deployment runDeploymentRoot="Ho Wai Yung_HOWAIYUNG-PC 2012-11-02 15_35_34" />
  </TestSettings>
  <Times creation="2012-11-02T15:35:34.8257245-06:00" queuing="2012-11-02T15:35:35.6757731-06:00" start="2012-11-02T15:35:35.6807734-06:00" finish="2012-11-02T15:35:36.3528118-06:00" />
  <ResultSummary outcome="Failed">
    <Counters total="7" executed="7" error="0" failed="7" timeout="0" aborted="0" inconclusive="0" passedButRunAborted="0" notRunnable="0" notExecuted="0" disconnected="0" warning="0" passed="0" completed="0" inProgress="0" pending="0" />
  </ResultSummary>
  <TestDefinitions>
    <UnitTest name="AddEmptyStringKeyword" storage="f:\dropbox\map\map\bin\debug\map.dll" id="a78f5112-68fe-7337-9015-2fd177eb0e6e">
      <Execution id="8d9f706e-b960-4826-b71b-d8ecdc63aade" />
      <TestMethod codeBase="F:/Dropbox/Map/Map/bin/Debug/Map.DLL" adapterTypeName="Microsoft.VisualStudio.TestTools.TestTypes.Unit.UnitTestAdapter, Microsoft.VisualStudio.QualityTools.Tips.UnitTest.Adapter, Version=10.0.0.0, Culture=neutral, PublicKeyToken=b03f5f7f11d50a3a" className="Map.AddKeywordTests, Map, Version=1.0.0.0, Culture=neutral, PublicKeyToken=null" name="AddEmptyStringKeyword" />
    </UnitTest>
    <UnitTest name="AddDuplicateKeyword" storage="f:\dropbox\map\map\bin\debug\map.dll" id="a33351ea-6262-62cb-6e29-5d799198865f">
      <Execution id="648731f7-60a4-4ffb-847c-5fe7547625cc" />
      <TestMethod codeBase="F:/Dropbox/Map/Map/bin/Debug/Map.DLL" adapterTypeName="Microsoft.VisualStudio.TestTools.TestTypes.Unit.UnitTestAdapter, Microsoft.VisualStudio.QualityTools.Tips.UnitTest.Adapter, Version=10.0.0.0, Culture=neutral, PublicKeyToken=b03f5f7f11d50a3a" className="Map.AddKeywordTests, Map, Version=1.0.0.0, Culture=neutral, PublicKeyToken=null" name="AddDuplicateKeyword" />
    </UnitTest>
    <UnitTest name="AddNumericalKeyword" storage="f:\dropbox\map\map\bin\debug\map.dll" id="a3da25ba-3dfd-42b7-2d2b-f031c0bacd59">
      <Execution id="9875f7a9-5496-4e01-920f-8266cad20fce" />
      <TestMethod codeBase="F:/Dropbox/Map/Map/bin/Debug/Map.DLL" adapterTypeName="Microsoft.VisualStudio.TestTools.TestTypes.Unit.UnitTestAdapter, Microsoft.VisualStudio.QualityTools.Tips.UnitTest.Adapter, Version=10.0.0.0, Culture=neutral, PublicKeyToken=b03f5f7f11d50a3a" className="Map.AddKeywordTests, Map, Version=1.0.0.0, Culture=neutral, PublicKeyToken=null" name="AddNumericalKeyword" />
    </UnitTest>
    <UnitTest name="AddNullStringKeyword" storage="f:\dropbox\map\map\bin\debug\map.dll" id="248afc99-486e-4088-6a24-ffcee580f3a7">
      <Execution id="fb3acaa0-4153-4f07-a1a9-759869f5208f" />
      <TestMethod codeBase="F:/Dropbox/Map/Map/bin/Debug/Map.DLL" adapterTypeName="Microsoft.VisualStudio.TestTools.TestTypes.Unit.UnitTestAdapter, Microsoft.VisualStudio.QualityTools.Tips.UnitTest.Adapter, Version=10.0.0.0, Culture=neutral, PublicKeyToken=b03f5f7f11d50a3a" className="Map.AddKeywordTests, Map, Version=1.0.0.0, Culture=neutral, PublicKeyToken=null" name="AddNullStringKeyword" />
    </UnitTest>
    <UnitTest name="RemoveNormalUniqueKeyword" storage="f:\dropbox\map\map\bin\debug\map.dll" id="854266d0-8eb4-f021-1b4e-cabb7a37e4e9">
      <Execution id="5ce60e33-c89b-4be6-8ee5-b7464422717d" />
      <TestMethod codeBase="F:/Dropbox/Map/Map/bin/Debug/Map.DLL" adapterTypeName="Microsoft.VisualStudio.TestTools.TestTypes.Unit.UnitTestAdapter, Microsoft.VisualStudio.QualityTools.Tips.UnitTest.Adapter, Version=10.0.0.0, Culture=neutral, PublicKeyToken=b03f5f7f11d50a3a" className="Map.AddKeywordTests, Map, Version=1.0.0.0, Culture=neutral, PublicKeyToken=null" name="RemoveNormalUniqueKeyword" />
    </UnitTest>
    <UnitTest name="AddNormalUniqueKeyword" storage="f:\dropbox\map\map\bin\debug\map.dll" id="9834602e-83df-a9b9-5975-c498962fa4b4">
      <Execution id="558f6c2b-eb08-4369-8200-1937b3a1c258" />
      <TestMethod codeBase="F:/Dropbox/Map/Map/bin/Debug/Map.DLL" adapterTypeName="Microsoft.VisualStudio.TestTools.TestTypes.Unit.UnitTestAdapter, Microsoft.VisualStudio.QualityTools.Tips.UnitTest.Adapter, Version=10.0.0.0, Culture=neutral, PublicKeyToken=b03f5f7f11d50a3a" className="Map.AddKeywordTests, Map, Version=1.0.0.0, Culture=neutral, PublicKeyToken=null" name="AddNormalUniqueKeyword" />
    </UnitTest>
    <UnitTest name="AddAlphanumericUniqueKeyword" storage="f:\dropbox\map\map\bin\debug\map.dll" id="68889c4c-4f61-56af-303c-fa6434c9be48">
      <Execution id="8355eaa3-388f-4e4b-bfe4-3177afe793ef" />
      <TestMethod codeBase="F:/Dropbox/Map/Map/bin/Debug/Map.DLL" adapterTypeName="Microsoft.VisualStudio.TestTools.TestTypes.Unit.UnitTestAdapter, Microsoft.VisualStudio.QualityTools.Tips.UnitTest.Adapter, Version=10.0.0.0, Culture=neutral, PublicKeyToken=b03f5f7f11d50a3a" className="Map.AddKeywordTests, Map, Version=1.0.0.0, Culture=neutral, PublicKeyToken=null" name="AddAlphanumericUniqueKeyword" />
    </UnitTest>
  </TestDefinitions>
  <TestLists>
    <TestList name="Results Not in a List" id="8c84fa94-04c1-424b-9868-57a2d4851a1d" />
    <TestList name="All Loaded Results" id="19431567-8539-422a-85d7-44ee4e166bda" />
  </TestLists>
  <TestEntries>
    <TestEntry testId="248afc99-486e-4088-6a24-ffcee580f3a7" executionId="fb3acaa0-4153-4f07-a1a9-759869f5208f" testListId="8c84fa94-04c1-424b-9868-57a2d4851a1d" />
    <TestEntry testId="68889c4c-4f61-56af-303c-fa6434c9be48" executionId="8355eaa3-388f-4e4b-bfe4-3177afe793ef" testListId="8c84fa94-04c1-424b-9868-57a2d4851a1d" />
    <TestEntry testId="854266d0-8eb4-f021-1b4e-cabb7a37e4e9" executionId="5ce60e33-c89b-4be6-8ee5-b7464422717d" testListId="8c84fa94-04c1-424b-9868-57a2d4851a1d" />
    <TestEntry testId="9834602e-83df-a9b9-5975-c498962fa4b4" executionId="558f6c2b-eb08-4369-8200-1937b3a1c258" testListId="8c84fa94-04c1-424b-9868-57a2d4851a1d" />
    <TestEntry testId="a33351ea-6262-62cb-6e29-5d799198865f" executionId="648731f7-60a4-4ffb-847c-5fe7547625cc" testListId="8c84fa94-04c1-424b-9868-57a2d4851a1d" />
    <TestEntry testId="a3da25ba-3dfd-42b7-2d2b-f031c0bacd59" executionId="9875f7a9-5496-4e01-920f-8266cad20fce" testListId="8c84fa94-04c1-424b-9868-57a2d4851a1d" />
    <TestEntry testId="a78f5112-68fe-7337-9015-2fd177eb0e6e" executionId="8d9f706e-b960-4826-b71b-d8ecdc63aade" testListId="8c84fa94-04c1-424b-9868-57a2d4851a1d" />
  </TestEntries>
  <Results>
    <UnitTestResult executionId="fb3acaa0-4153-4f07-a1a9-759869f5208f" testId="248afc99-486e-4088-6a24-ffcee580f3a7" testName="AddNullStringKeyword" computerName="HOWAIYUNG-PC" duration="00:00:00.0209770" startTime="2012-11-02T15:35:35.6827735-06:00" endTime="2012-11-02T15:35:36.2298048-06:00" testType="13cdc9d9-ddb5-4fa4-a97d-d965ccfc6d4b" outcome="Failed" testListId="8c84fa94-04c1-424b-9868-57a2d4851a1d" relativeResultsDirectory="fb3acaa0-4153-4f07-a1a9-759869f5208f">
      <Output>
        <ErrorInfo>
          <Message>Test method Map.AddKeywordTests.AddNullStringKeyword threw exception System.NotImplementedException, but exception System.ArgumentException was expected. Exception message: System.NotImplementedException: The method or operation is not implemented.</Message>
          <StackTrace>    at Map.Paper.addKeyword(String p) in F:\Dropbox\Map\Map\Paper.cs:line 12
   at Map.AddKeywordTests.AddNullStringKeyword() in F:\Dropbox\Map\Map\AddKeywordTests.cs:line 102
</StackTrace>
        </ErrorInfo>
      </Output>
    </UnitTestResult>
    <UnitTestResult executionId="8355eaa3-388f-4e4b-bfe4-3177afe793ef" testId="68889c4c-4f61-56af-303c-fa6434c9be48" testName="AddAlphanumericUniqueKeyword" computerName="HOWAIYUNG-PC" duration="00:00:00.0015340" startTime="2012-11-02T15:35:36.2318049-06:00" endTime="2012-11-02T15:35:36.2368052-06:00" testType="13cdc9d9-ddb5-4fa4-a97d-d965ccfc6d4b" outcome="Failed" testListId="8c84fa94-04c1-424b-9868-57a2d4851a1d" relativeResultsDirectory="8355eaa3-388f-4e4b-bfe4-3177afe793ef">
      <Output>
        <ErrorInfo>
          <Message>Test method Map.AddKeywordTests.AddAlphanumericUniqueKeyword threw exception: 
System.NotImplementedException: The method or operation is not implemented.</Message>
          <StackTrace>    at Map.Paper.addKeyword(String p) in F:\Dropbox\Map\Map\Paper.cs:line 12
   at Map.AddKeywordTests.AddAlphanumericUniqueKeyword() in F:\Dropbox\Map\Map\AddKeywordTests.cs:line 38
</StackTrace>
        </ErrorInfo>
      </Output>
    </UnitTestResult>
    <UnitTestResult executionId="5ce60e33-c89b-4be6-8ee5-b7464422717d" testId="854266d0-8eb4-f021-1b4e-cabb7a37e4e9" testName="RemoveNormalUniqueKeyword" computerName="HOWAIYUNG-PC" duration="00:00:00.0012975" startTime="2012-11-02T15:35:36.2388053-06:00" endTime="2012-11-02T15:35:36.2428055-06:00" testType="13cdc9d9-ddb5-4fa4-a97d-d965ccfc6d4b" outcome="Failed" testListId="8c84fa94-04c1-424b-9868-57a2d4851a1d" relativeResultsDirectory="5ce60e33-c89b-4be6-8ee5-b7464422717d">
      <Output>
        <ErrorInfo>
          <Message>Test method Map.AddKeywordTests.RemoveNormalUniqueKeyword threw exception: 
System.NotImplementedException: The method or operation is not implemented.</Message>
          <StackTrace>    at Map.Paper.removeKeyword(String expectedkeyword) in F:\Dropbox\Map\Map\Paper.cs:line 22
   at Map.AddKeywordTests.RemoveNormalUniqueKeyword() in F:\Dropbox\Map\Map\AddKeywordTests.cs:line 57
</StackTrace>
        </ErrorInfo>
      </Output>
    </UnitTestResult>
    <UnitTestResult executionId="558f6c2b-eb08-4369-8200-1937b3a1c258" testId="9834602e-83df-a9b9-5975-c498962fa4b4" testName="AddNormalUniqueKeyword" computerName="HOWAIYUNG-PC" duration="00:00:00.0013801" startTime="2012-11-02T15:35:36.2448056-06:00" endTime="2012-11-02T15:35:36.2488059-06:00" testType="13cdc9d9-ddb5-4fa4-a97d-d965ccfc6d4b" outcome="Failed" testListId="8c84fa94-04c1-424b-9868-57a2d4851a1d" relativeResultsDirectory="558f6c2b-eb08-4369-8200-1937b3a1c258">
      <Output>
        <ErrorInfo>
          <Message>Test method Map.AddKeywordTests.AddNormalUniqueKeyword threw exception: 
System.NotImplementedException: The method or operation is not implemented.</Message>
          <StackTrace>    at Map.Paper.addKeyword(String p) in F:\Dropbox\Map\Map\Paper.cs:line 12
   at Map.AddKeywordTests.AddNormalUniqueKeyword() in F:\Dropbox\Map\Map\AddKeywordTests.cs:line 19
</StackTrace>
        </ErrorInfo>
      </Output>
    </UnitTestResult>
    <UnitTestResult executionId="648731f7-60a4-4ffb-847c-5fe7547625cc" testId="a33351ea-6262-62cb-6e29-5d799198865f" testName="AddDuplicateKeyword" computerName="HOWAIYUNG-PC" duration="00:00:00.0011351" startTime="2012-11-02T15:35:36.2508060-06:00" endTime="2012-11-02T15:35:36.2538062-06:00" testType="13cdc9d9-ddb5-4fa4-a97d-d965ccfc6d4b" outcome="Failed" testListId="8c84fa94-04c1-424b-9868-57a2d4851a1d" relativeResultsDirectory="648731f7-60a4-4ffb-847c-5fe7547625cc">
      <Output>
        <ErrorInfo>
          <Message>Test method Map.AddKeywordTests.AddDuplicateKeyword threw exception System.NotImplementedException, but exception System.ArgumentException was expected. Exception message: System.NotImplementedException: The method or operation is not implemented.</Message>
          <StackTrace>    at Map.Paper.addKeyword(String p) in F:\Dropbox\Map\Map\Paper.cs:line 12
   at Map.AddKeywordTests.AddDuplicateKeyword() in F:\Dropbox\Map\Map\AddKeywordTests.cs:line 71
</StackTrace>
        </ErrorInfo>
      </Output>
    </UnitTestResult>
    <UnitTestResult executionId="9875f7a9-5496-4e01-920f-8266cad20fce" testId="a3da25ba-3dfd-42b7-2d2b-f031c0bacd59" testName="AddNumericalKeyword" computerName="HOWAIYUNG-PC" duration="00:00:00.0016715" startTime="2012-11-02T15:35:36.2558063-06:00" endTime="2012-11-02T15:35:36.2618066-06:00" testType="13cdc9d9-ddb5-4fa4-a97d-d965ccfc6d4b" outcome="Failed" testListId="8c84fa94-04c1-424b-9868-57a2d4851a1d" relativeResultsDirectory="9875f7a9-5496-4e01-920f-8266cad20fce">
      <Output>
        <ErrorInfo>
          <Message>Test method Map.AddKeywordTests.AddNumericalKeyword threw exception System.NotImplementedException, but exception System.ArgumentException was expected. Exception message: System.NotImplementedException: The method or operation is not implemented.</Message>
          <StackTrace>    at Map.Paper.addKeyword(String p) in F:\Dropbox\Map\Map\Paper.cs:line 12
   at Map.AddKeywordTests.AddNumericalKeyword() in F:\Dropbox\Map\Map\AddKeywordTests.cs:line 92
</StackTrace>
        </ErrorInfo>
      </Output>
    </UnitTestResult>
    <UnitTestResult executionId="8d9f706e-b960-4826-b71b-d8ecdc63aade" testId="a78f5112-68fe-7337-9015-2fd177eb0e6e" testName="AddEmptyStringKeyword" computerName="HOWAIYUNG-PC" duration="00:00:00.0011275" startTime="2012-11-02T15:35:36.2628067-06:00" endTime="2012-11-02T15:35:36.2668069-06:00" testType="13cdc9d9-ddb5-4fa4-a97d-d965ccfc6d4b" outcome="Failed" testListId="8c84fa94-04c1-424b-9868-57a2d4851a1d" relativeResultsDirectory="8d9f706e-b960-4826-b71b-d8ecdc63aade">
      <Output>
        <ErrorInfo>
          <Message>Test method Map.AddKeywordTests.AddEmptyStringKeyword threw exception System.NotImplementedException, but exception System.ArgumentException was expected. Exception message: System.NotImplementedException: The method or operation is not implemented.</Message>
          <StackTrace>    at Map.Paper.addKeyword(String p) in F:\Dropbox\Map\Map\Paper.cs:line 12
   at Map.AddKeywordTests.AddEmptyStringKeyword() in F:\Dropbox\Map\Map\AddKeywordTests.cs:line 82
</StackTrace>
        </ErrorInfo>
      </Output>
    </UnitTestResult>
  </Results>
</TestRun>